* commit 09863378f8b32094b21d11c42507f5eb7602bc8a (HEAD -> master, origin/master)
| Author: il-isidis <hachmi.chbani@gmail.com>
| Date:   Fri Dec 4 03:48:58 2015 +0100
| 
|     suppression des plugins
|    
*   commit 98c17b55eb7f539da7b40554b2be365ea0a0d3c9
|\  Merge: eac63f9 6eba3a5
| | Author: il-isidis <hachmi.chbani@gmail.com>
| | Date:   Fri Dec 4 03:45:54 2015 +0100
| | 
| |     Merge branch 'master' of https://github.com/il-isidis/crud-app
| |   
| * commit 6eba3a52ad3a0ad38702133c1341eca030388133
|   Author: il-isidis <hachmi.chbani@gmail.com>
|   Date:   Fri Dec 4 01:52:31 2015 +0100
|   
|       Initial commit
|  
* commit eac63f9fcfe9867e4648df40b5df33039cc94712
  Author: il-isidis <hachmi.chbani@gmail.com>
  Date:   Fri Dec 4 03:28:02 2015 +0100
  
      first commit
